Fri Jun 09 2023 1:20:39 [Sharif Billah] error: Testing Error logger
Fri Jun 09 2023 1:52:48 [Sharif Billah] error: 🧨 globalErrorHandler ~~ [
  {
    "code": "invalid_type",
    "expected": "string",
    "received": "undefined",
    "path": [
      "body",
      "role"
    ],
    "message": "role is required"
  }
]
Fri Jun 09 2023 1:55:15 [Sharif Billah] error: 🧨 globalErrorHandler ~~ [
  {
    "code": "invalid_type",
    "expected": "string",
    "received": "undefined",
    "path": [
      "body",
      "role"
    ],
    "message": "role is required"
  }
]
Fri Jun 09 2023 1:56:20 [Sharif Billah] error: 🧨 globalErrorHandler ~~ [
  {
    "code": "invalid_type",
    "expected": "string",
    "received": "undefined",
    "path": [
      "body",
      "role"
    ],
    "message": "role is required"
  }
]
